<?xml version="1.0" encoding="UTF-8"?>
<testsuite name="runner.servicesOk.RunnerOk" tests="2" skipped="0" failures="0" errors="0" timestamp="2024-01-16T14:22:47" hostname="IMCOL-H8GR" time="4.373">
  <properties/>
  <testcase name="Execute services Ok #1" classname="runner.servicesOk.RunnerOk" time="3.826"/>
  <testcase name="Execute services Ok #2" classname="runner.servicesOk.RunnerOk" time="0.547"/>
  <system-out><![CDATA[09:22:47.441 [Test worker] DEBUG io.cucumber.core.plugin.SerenityReporter -- Running feature from file:///C:/global/13263_providacl_automation_orquestador/Orquestador_FrameworkWeb/java/failedServices/src/test/resources/feature/ok/servicesOk.feature
09:22:47.444 [Test worker] WARN io.cucumber.core.plugin.SerenityReporter -- Feature from file:///C:/global/13263_providacl_automation_orquestador/Orquestador_FrameworkWeb/java/failedServices/src/test/resources/feature/ok/servicesOk.feature is not under the 'features' directory. Requirements report will not be correctly generated!
09:22:47.495 [Test worker] INFO  -- 

-------------------------------------------------------------------------------------
     _______. _______ .______       _______ .__   __.  __  .___________.____    ____ 
    /       ||   ____||   _  \     |   ____||  \ |  | |  | |           |\   \  /   / 
   |   (----`|  |__   |  |_)  |    |  |__   |   \|  | |  | `---|  |----` \   \/   /  
    \   \    |   __|  |      /     |   __|  |  . `  | |  |     |  |       \_    _/   
.----)   |   |  |____ |  |\  \----.|  |____ |  |\   | |  |     |  |         |  |     
|_______/    |_______|| _| `._____||_______||__| \__| |__|     |__|         |__|    
                                                                                     
 News and tutorials at https://serenity-bdd.info                                     
 Documentation at https://serenity-bdd.github.io                                     
 Test Automation Training and Coaching: https://www.serenity-dojo.com                
 Commercial Support: https://www.serenity-dojo.com/serenity-bdd-enterprise-support   
 Join the Serenity Community on Gitter: https://gitter.im/serenity-bdd/serenity-core 
-------------------------------------------------------------------------------------

09:22:47.501 [Test worker] DEBUG net.thucydides.core.steps.StepEventBus -- Test suite started for story net.thucydides.model.domain.Story@27e79da0
09:22:47.503 [Test worker] INFO  -- Test Suite Started: Execute Services
09:22:47.572 [Test worker] DEBUG io.cucumber.core.plugin.SerenityReporter -- Running feature from file:///C:/global/13263_providacl_automation_orquestador/Orquestador_FrameworkWeb/java/failedServices/src/test/resources/feature/ok/servicesOk.feature
09:22:47.573 [Test worker] WARN io.cucumber.core.plugin.SerenityReporter -- Feature from file:///C:/global/13263_providacl_automation_orquestador/Orquestador_FrameworkWeb/java/failedServices/src/test/resources/feature/ok/servicesOk.feature is not under the 'features' directory. Requirements report will not be correctly generated!
09:22:47.576 [Test worker] DEBUG net.thucydides.core.steps.StepEventBus -- Test suite started for story net.thucydides.model.domain.Story@27e79da0
09:22:47.576 [Test worker] INFO  -- Test Suite Started: Execute Services
09:22:47.641 [Test worker] DEBUG io.cucumber.core.plugin.SerenityReporter -- Running feature from file:///C:/global/13263_providacl_automation_orquestador/Orquestador_FrameworkWeb/java/failedServices/src/test/resources/feature/ok/servicesOk.feature
09:22:47.642 [Test worker] WARN io.cucumber.core.plugin.SerenityReporter -- Feature from file:///C:/global/13263_providacl_automation_orquestador/Orquestador_FrameworkWeb/java/failedServices/src/test/resources/feature/ok/servicesOk.feature is not under the 'features' directory. Requirements report will not be correctly generated!
09:22:47.772 [Test worker] INFO  -- 
  _____   ___   ___   _____     ___   _____     _     ___   _____   ___   ___  
 |_   _| | __| / __| |_   _|   / __| |_   _|   /_\   | _ \ |_   _| | __| |   \ 
   | |   | _|  \__ \   | |     \__ \   | |    / _ \  |   /   | |   | _|  | |) |
   |_|   |___| |___/   |_|     |___/   |_|   /_/ \_\ |_|_\   |_|   |___| |___/ 

Execute services Ok(execute-services;execute-services-ok)
--------------------------------------------------------------------------------
09:22:48.237 [Test worker] DEBUG net.thucydides.core.steps.StepInterceptor -- STARTING STEP: StepInterceptor.testContext - {0} executes a GET on the resource #resource
09:22:50.313 [Test worker] DEBUG org.apache.http.impl.conn.BasicClientConnectionManager -- Get connection for route {s}->https://dev.azure.com:443
09:22:50.326 [Test worker] DEBUG org.apache.http.impl.conn.DefaultClientConnectionOperator -- Connecting to dev.azure.com:443
09:22:50.578 [Test worker] DEBUG org.apache.http.client.protocol.RequestAddCookies -- CookieSpec selected: ignoreCookies
09:22:50.580 [Test worker] DEBUG org.apache.http.client.protocol.RequestAuthCache -- Auth cache not set in the context
09:22:50.580 [Test worker] DEBUG org.apache.http.client.protocol.RequestProxyAuthentication -- Proxy auth state: UNCHALLENGED
09:22:50.581 [Test worker] DEBUG org.apache.http.impl.client.DefaultHttpClient -- Attempt 1 to execute request
09:22:50.581 [Test worker] DEBUG org.apache.http.impl.conn.DefaultClientConnection -- Sending request: GET /MetLife-LATAM/ProVida_WebSite_Cloud/_apis/test/Plans/29176/Suites/79344/points?api-version=7.0 HTTP/1.1
09:22:50.582 [Test worker] DEBUG org.apache.http.wire --  >> "GET /MetLife-LATAM/ProVida_WebSite_Cloud/_apis/test/Plans/29176/Suites/79344/points?api-version=7.0 HTTP/1.1[\r][\n]"
09:22:50.583 [Test worker] DEBUG org.apache.http.wire --  >> "Content-Type: application/json; charset=utf-8[\r][\n]"
09:22:50.583 [Test worker] DEBUG org.apache.http.wire --  >> "Authorization: Basic amVpc3Nvbi5jYXJkZW5hczp6NmVpdW9vZzM0anV3NGF6cnRvcWc0ZWZkazZic2hrdG53bzZzdGN1bGRpYnBsZTN6b3Fx[\r][\n]"
09:22:50.583 [Test worker] DEBUG org.apache.http.wire --  >> "Accept: */*[\r][\n]"
09:22:50.584 [Test worker] DEBUG org.apache.http.wire --  >> "Host: dev.azure.com[\r][\n]"
09:22:50.584 [Test worker] DEBUG org.apache.http.wire --  >> "Connection: Keep-Alive[\r][\n]"
09:22:50.584 [Test worker] DEBUG org.apache.http.wire --  >> "User-Agent: Apache-HttpClient/4.5.14 (Java/17.0.8)[\r][\n]"
09:22:50.584 [Test worker] DEBUG org.apache.http.wire --  >> "Accept-Encoding: gzip,deflate[\r][\n]"
09:22:50.584 [Test worker] DEBUG org.apache.http.wire --  >> "[\r][\n]"
09:22:50.584 [Test worker] DEBUG org.apache.http.headers -- >> GET /MetLife-LATAM/ProVida_WebSite_Cloud/_apis/test/Plans/29176/Suites/79344/points?api-version=7.0 HTTP/1.1
09:22:50.584 [Test worker] DEBUG org.apache.http.headers -- >> Content-Type: application/json; charset=utf-8
09:22:50.584 [Test worker] DEBUG org.apache.http.headers -- >> Authorization: Basic amVpc3Nvbi5jYXJkZW5hczp6NmVpdW9vZzM0anV3NGF6cnRvcWc0ZWZkazZic2hrdG53bzZzdGN1bGRpYnBsZTN6b3Fx
09:22:50.584 [Test worker] DEBUG org.apache.http.headers -- >> Accept: */*
09:22:50.585 [Test worker] DEBUG org.apache.http.headers -- >> Host: dev.azure.com
09:22:50.585 [Test worker] DEBUG org.apache.http.headers -- >> Connection: Keep-Alive
09:22:50.585 [Test worker] DEBUG org.apache.http.headers -- >> User-Agent: Apache-HttpClient/4.5.14 (Java/17.0.8)
09:22:50.585 [Test worker] DEBUG org.apache.http.headers -- >> Accept-Encoding: gzip,deflate
09:22:51.152 [Test worker] DEBUG org.apache.http.wire --  << "HTTP/1.1 200 OK[\r][\n]"
09:22:51.153 [Test worker] DEBUG org.apache.http.wire --  << "Cache-Control: no-cache, no-store, must-revalidate[\r][\n]"
09:22:51.153 [Test worker] DEBUG org.apache.http.wire --  << "Pragma: no-cache[\r][\n]"
09:22:51.154 [Test worker] DEBUG org.apache.http.wire --  << "Transfer-Encoding: chunked[\r][\n]"
09:22:51.154 [Test worker] DEBUG org.apache.http.wire --  << "Content-Type: application/json; charset=utf-8; api-version=7.0[\r][\n]"
09:22:51.154 [Test worker] DEBUG org.apache.http.wire --  << "Content-Encoding: gzip[\r][\n]"
09:22:51.154 [Test worker] DEBUG org.apache.http.wire --  << "Expires: -1[\r][\n]"
09:22:51.154 [Test worker] DEBUG org.apache.http.wire --  << "P3P: CP="CAO DSP COR ADMa DEV CONo TELo CUR PSA PSD TAI IVDo OUR SAMi BUS DEM NAV STA UNI COM INT PHY ONL FIN PUR LOC CNT"[\r][\n]"
09:22:51.154 [Test worker] DEBUG org.apache.http.wire --  << "Set-Cookie: VstsSession=%7B%22PersistentSessionId%22%3A%223427d289-919c-44ce-b546-b5751370d727%22%2C%22PendingAuthenticationSessionId%22%3A%2200000000-0000-0000-0000-000000000000%22%2C%22CurrentAuthenticationSessionId%22%3A%2200000000-0000-0000-0000-000000000000%22%2C%22SignInState%22%3A%7B%7D%7D;SameSite=None; domain=.dev.azure.com; expires=Wed, 15-Jan-2025 14:22:52 GMT; path=/; secure; HttpOnly[\r][\n]"
09:22:51.154 [Test worker] DEBUG org.apache.http.wire --  << "X-TFS-ProcessId: 85805502-5232-415a-a36f-91e1ce200e21[\r][\n]"
09:22:51.154 [Test worker] DEBUG org.apache.http.wire --  << "Strict-Transport-Security: max-age=31536000; includeSubDomains[\r][\n]"
09:22:51.154 [Test worker] DEBUG org.apache.http.wire --  << "ActivityId: 74de3fce-29e2-4768-a263-f656ec849fa3[\r][\n]"
09:22:51.154 [Test worker] DEBUG org.apache.http.wire --  << "X-TFS-Session: 74de3fce-29e2-4768-a263-f656ec849fa3[\r][\n]"
09:22:51.154 [Test worker] DEBUG org.apache.http.wire --  << "X-VSS-E2EID: 74de3fce-29e2-4768-a263-f656ec849fa3[\r][\n]"
09:22:51.155 [Test worker] DEBUG org.apache.http.wire --  << "X-VSS-SenderDeploymentId: b4e8a57a-550b-b919-0f48-a3abbfb7797c[\r][\n]"
09:22:51.155 [Test worker] DEBUG org.apache.http.wire --  << "X-VSS-UserData: 7e935c94-04ae-6462-a187-02541f3f3de5:jeisson.cardenas@providaexternos.cl[\r][\n]"
09:22:51.155 [Test worker] DEBUG org.apache.http.wire --  << "X-FRAME-OPTIONS: SAMEORIGIN[\r][\n]"
09:22:51.155 [Test worker] DEBUG org.apache.http.wire --  << "Request-Context: appId=cid-v1:59ac3d9a-3105-4df6-af76-1ffe22300eed[\r][\n]"
09:22:51.155 [Test worker] DEBUG org.apache.http.wire --  << "Access-Control-Expose-Headers: Request-Context[\r][\n]"
09:22:51.155 [Test worker] DEBUG org.apache.http.wire --  << "X-Content-Type-Options: nosniff[\r][\n]"
09:22:51.155 [Test worker] DEBUG org.apache.http.wire --  << "X-Cache: CONFIG_NOCACHE[\r][\n]"
09:22:51.155 [Test worker] DEBUG org.apache.http.wire --  << "X-MSEdge-Ref: Ref A: 1B73D4949AE14D02BDA314080EB35F68 Ref B: BOG30EDGE0320 Ref C: 2024-01-16T14:22:51Z[\r][\n]"
09:22:51.155 [Test worker] DEBUG org.apache.http.wire --  << "Date: Tue, 16 Jan 2024 14:22:51 GMT[\r][\n]"
09:22:51.155 [Test worker] DEBUG org.apache.http.wire --  << "[\r][\n]"
09:22:51.156 [Test worker] DEBUG org.apache.http.impl.conn.DefaultClientConnection -- Receiving response: HTTP/1.1 200 OK
09:22:51.156 [Test worker] DEBUG org.apache.http.headers -- << HTTP/1.1 200 OK
09:22:51.156 [Test worker] DEBUG org.apache.http.headers -- << Cache-Control: no-cache, no-store, must-revalidate
09:22:51.156 [Test worker] DEBUG org.apache.http.headers -- << Pragma: no-cache
09:22:51.157 [Test worker] DEBUG org.apache.http.headers -- << Transfer-Encoding: chunked
09:22:51.157 [Test worker] DEBUG org.apache.http.headers -- << Content-Type: application/json; charset=utf-8; api-version=7.0
09:22:51.157 [Test worker] DEBUG org.apache.http.headers -- << Content-Encoding: gzip
09:22:51.157 [Test worker] DEBUG org.apache.http.headers -- << Expires: -1
09:22:51.157 [Test worker] DEBUG org.apache.http.headers -- << P3P: CP="CAO DSP COR ADMa DEV CONo TELo CUR PSA PSD TAI IVDo OUR SAMi BUS DEM NAV STA UNI COM INT PHY ONL FIN PUR LOC CNT"
09:22:51.157 [Test worker] DEBUG org.apache.http.headers -- << Set-Cookie: VstsSession=%7B%22PersistentSessionId%22%3A%223427d289-919c-44ce-b546-b5751370d727%22%2C%22PendingAuthenticationSessionId%22%3A%2200000000-0000-0000-0000-000000000000%22%2C%22CurrentAuthenticationSessionId%22%3A%2200000000-0000-0000-0000-000000000000%22%2C%22SignInState%22%3A%7B%7D%7D;SameSite=None; domain=.dev.azure.com; expires=Wed, 15-Jan-2025 14:22:52 GMT; path=/; secure; HttpOnly
09:22:51.157 [Test worker] DEBUG org.apache.http.headers -- << X-TFS-ProcessId: 85805502-5232-415a-a36f-91e1ce200e21
09:22:51.157 [Test worker] DEBUG org.apache.http.headers -- << Strict-Transport-Security: max-age=31536000; includeSubDomains
09:22:51.157 [Test worker] DEBUG org.apache.http.headers -- << ActivityId: 74de3fce-29e2-4768-a263-f656ec849fa3
09:22:51.157 [Test worker] DEBUG org.apache.http.headers -- << X-TFS-Session: 74de3fce-29e2-4768-a263-f656ec849fa3
09:22:51.157 [Test worker] DEBUG org.apache.http.headers -- << X-VSS-E2EID: 74de3fce-29e2-4768-a263-f656ec849fa3
09:22:51.157 [Test worker] DEBUG org.apache.http.headers -- << X-VSS-SenderDeploymentId: b4e8a57a-550b-b919-0f48-a3abbfb7797c
09:22:51.158 [Test worker] DEBUG org.apache.http.headers -- << X-VSS-UserData: 7e935c94-04ae-6462-a187-02541f3f3de5:jeisson.cardenas@providaexternos.cl
09:22:51.158 [Test worker] DEBUG org.apache.http.headers -- << X-FRAME-OPTIONS: SAMEORIGIN
09:22:51.158 [Test worker] DEBUG org.apache.http.headers -- << Request-Context: appId=cid-v1:59ac3d9a-3105-4df6-af76-1ffe22300eed
09:22:51.158 [Test worker] DEBUG org.apache.http.headers -- << Access-Control-Expose-Headers: Request-Context
09:22:51.158 [Test worker] DEBUG org.apache.http.headers -- << X-Content-Type-Options: nosniff
09:22:51.158 [Test worker] DEBUG org.apache.http.headers -- << X-Cache: CONFIG_NOCACHE
09:22:51.158 [Test worker] DEBUG org.apache.http.headers -- << X-MSEdge-Ref: Ref A: 1B73D4949AE14D02BDA314080EB35F68 Ref B: BOG30EDGE0320 Ref C: 2024-01-16T14:22:51Z
09:22:51.158 [Test worker] DEBUG org.apache.http.headers -- << Date: Tue, 16 Jan 2024 14:22:51 GMT
09:22:51.166 [Test worker] DEBUG org.apache.http.impl.client.DefaultHttpClient -- Connection can be kept alive indefinitely
09:22:51.170 [Test worker] DEBUG io.restassured.internal.RestAssuredHttpBuilder -- Parsing response as: application/json; charset=utf-8; api-version=7.0
09:22:51.172 [Test worker] DEBUG org.apache.http.wire --  << "a[\r][\n]"
09:22:51.172 [Test worker] DEBUG org.apache.http.wire --  << "[0x1f][0x8b][0x8][0x0][0x0][0x0][0x0][0x0][0x4][0x0]"
09:22:51.172 [Test worker] DEBUG org.apache.http.wire --  << "[\r][\n]"
09:22:51.172 [Test worker] DEBUG org.apache.http.wire --  << "18[\r][\n]"
09:22:51.172 [Test worker] DEBUG org.apache.http.wire --  << "[0xab]V*K[0xcc])MU[0xb2][0x8a][0x8e][0xd5]QJ[0xce]/[0xcd]+Q[0xb2]2[0xa8][0x5][0x0]"
09:22:51.172 [Test worker] DEBUG org.apache.http.wire --  << "[\r][\n]"
09:22:51.173 [Test worker] DEBUG org.apache.http.wire --  << "8[\r][\n]"
09:22:51.173 [Test worker] DEBUG org.apache.http.wire --  << "N[0x12]p[0x83][0x16][0x0][0x0][0x0]"
09:22:51.173 [Test worker] DEBUG org.apache.http.wire --  << "[\r][\n]"
09:22:51.173 [Test worker] DEBUG org.apache.http.wire --  << "0[\r][\n]"
09:22:51.173 [Test worker] DEBUG org.apache.http.wire --  << "[\r][\n]"
09:22:51.182 [Test worker] DEBUG io.restassured.internal.RestAssuredHttpBuilder -- Parsed data to instance of: class org.apache.http.conn.EofSensorInputStream
09:22:51.232 [Test worker] DEBUG org.apache.http.impl.conn.BasicClientConnectionManager -- Releasing connection org.apache.http.impl.conn.ManagedClientConnectionImpl@4cc89246
09:22:51.232 [Test worker] DEBUG org.apache.http.impl.conn.BasicClientConnectionManager -- Connection can be kept alive indefinitely
09:22:51.250 [Test worker] DEBUG net.thucydides.core.steps.StepInterceptor -- STEP DONE: {0} executes a GET on the resource #resource
09:22:51.393 [Test worker] INFO  -- 
  _____   ___   ___   _____     ___     _     ___   ___   ___   ___  
 |_   _| | __| / __| |_   _|   | _ \   /_\   / __| / __| | __| |   \ 
   | |   | _|  \__ \   | |     |  _/  / _ \  \__ \ \__ \ | _|  | |) |
   |_|   |___| |___/   |_|     |_|   /_/ \_\ |___/ |___/ |___| |___/ 

Execute services Ok
----------------------------------------------------------------------
09:22:51.412 [Test worker] DEBUG io.cucumber.core.plugin.SerenityReporter -- Running feature from file:///C:/global/13263_providacl_automation_orquestador/Orquestador_FrameworkWeb/java/failedServices/src/test/resources/feature/ok/servicesOk.feature
09:22:51.412 [Test worker] WARN io.cucumber.core.plugin.SerenityReporter -- Feature from file:///C:/global/13263_providacl_automation_orquestador/Orquestador_FrameworkWeb/java/failedServices/src/test/resources/feature/ok/servicesOk.feature is not under the 'features' directory. Requirements report will not be correctly generated!
09:22:51.441 [Test worker] DEBUG net.thucydides.core.steps.StepInterceptor -- STARTING STEP: StepInterceptor.testContext - {0} executes a GET on the resource #resource
09:22:51.473 [Test worker] DEBUG org.apache.http.impl.conn.BasicClientConnectionManager -- Get connection for route {s}->https://dev.azure.com:443
09:22:51.473 [Test worker] DEBUG org.apache.http.impl.conn.DefaultClientConnectionOperator -- Connecting to dev.azure.com:443
09:22:51.561 [Test worker] DEBUG org.apache.http.client.protocol.RequestAddCookies -- CookieSpec selected: ignoreCookies
09:22:51.562 [Test worker] DEBUG org.apache.http.client.protocol.RequestAuthCache -- Auth cache not set in the context
09:22:51.562 [Test worker] DEBUG org.apache.http.client.protocol.RequestProxyAuthentication -- Proxy auth state: UNCHALLENGED
09:22:51.562 [Test worker] DEBUG org.apache.http.impl.client.DefaultHttpClient -- Attempt 1 to execute request
09:22:51.563 [Test worker] DEBUG org.apache.http.impl.conn.DefaultClientConnection -- Sending request: GET /MetLife-LATAM/ProVida_WebSite_Cloud/_apis/test/Plans/29176/Suites/79344/points?api-version=7.0 HTTP/1.1
09:22:51.563 [Test worker] DEBUG org.apache.http.wire --  >> "GET /MetLife-LATAM/ProVida_WebSite_Cloud/_apis/test/Plans/29176/Suites/79344/points?api-version=7.0 HTTP/1.1[\r][\n]"
09:22:51.563 [Test worker] DEBUG org.apache.http.wire --  >> "Content-Type: application/json; charset=utf-8[\r][\n]"
09:22:51.564 [Test worker] DEBUG org.apache.http.wire --  >> "Authorization: Basic amVpc3Nvbi5jYXJkZW5hczp6NmVpdW9vZzM0anV3NGF6cnRvcWc0ZWZkazZic2hrdG53bzZzdGN1bGRpYnBsZTN6b3Fx[\r][\n]"
09:22:51.564 [Test worker] DEBUG org.apache.http.wire --  >> "Accept: */*[\r][\n]"
09:22:51.565 [Test worker] DEBUG org.apache.http.wire --  >> "Host: dev.azure.com[\r][\n]"
09:22:51.565 [Test worker] DEBUG org.apache.http.wire --  >> "Connection: Keep-Alive[\r][\n]"
09:22:51.566 [Test worker] DEBUG org.apache.http.wire --  >> "User-Agent: Apache-HttpClient/4.5.14 (Java/17.0.8)[\r][\n]"
09:22:51.566 [Test worker] DEBUG org.apache.http.wire --  >> "Accept-Encoding: gzip,deflate[\r][\n]"
09:22:51.567 [Test worker] DEBUG org.apache.http.wire --  >> "[\r][\n]"
09:22:51.567 [Test worker] DEBUG org.apache.http.headers -- >> GET /MetLife-LATAM/ProVida_WebSite_Cloud/_apis/test/Plans/29176/Suites/79344/points?api-version=7.0 HTTP/1.1
09:22:51.567 [Test worker] DEBUG org.apache.http.headers -- >> Content-Type: application/json; charset=utf-8
09:22:51.567 [Test worker] DEBUG org.apache.http.headers -- >> Authorization: Basic amVpc3Nvbi5jYXJkZW5hczp6NmVpdW9vZzM0anV3NGF6cnRvcWc0ZWZkazZic2hrdG53bzZzdGN1bGRpYnBsZTN6b3Fx
09:22:51.567 [Test worker] DEBUG org.apache.http.headers -- >> Accept: */*
09:22:51.568 [Test worker] DEBUG org.apache.http.headers -- >> Host: dev.azure.com
09:22:51.568 [Test worker] DEBUG org.apache.http.headers -- >> Connection: Keep-Alive
09:22:51.568 [Test worker] DEBUG org.apache.http.headers -- >> User-Agent: Apache-HttpClient/4.5.14 (Java/17.0.8)
09:22:51.568 [Test worker] DEBUG org.apache.http.headers -- >> Accept-Encoding: gzip,deflate
09:22:51.888 [Test worker] DEBUG org.apache.http.wire --  << "HTTP/1.1 200 OK[\r][\n]"
09:22:51.890 [Test worker] DEBUG org.apache.http.wire --  << "Cache-Control: no-cache, no-store, must-revalidate[\r][\n]"
09:22:51.890 [Test worker] DEBUG org.apache.http.wire --  << "Pragma: no-cache[\r][\n]"
09:22:51.891 [Test worker] DEBUG org.apache.http.wire --  << "Transfer-Encoding: chunked[\r][\n]"
09:22:51.891 [Test worker] DEBUG org.apache.http.wire --  << "Content-Type: application/json; charset=utf-8; api-version=7.0[\r][\n]"
09:22:51.891 [Test worker] DEBUG org.apache.http.wire --  << "Content-Encoding: gzip[\r][\n]"
09:22:51.891 [Test worker] DEBUG org.apache.http.wire --  << "Expires: -1[\r][\n]"
09:22:51.891 [Test worker] DEBUG org.apache.http.wire --  << "P3P: CP="CAO DSP COR ADMa DEV CONo TELo CUR PSA PSD TAI IVDo OUR SAMi BUS DEM NAV STA UNI COM INT PHY ONL FIN PUR LOC CNT"[\r][\n]"
09:22:51.891 [Test worker] DEBUG org.apache.http.wire --  << "Set-Cookie: VstsSession=%7B%22PersistentSessionId%22%3A%22fe432e0b-aa4b-4929-bd63-2a9ae36d0b3f%22%2C%22PendingAuthenticationSessionId%22%3A%2200000000-0000-0000-0000-000000000000%22%2C%22CurrentAuthenticationSessionId%22%3A%2200000000-0000-0000-0000-000000000000%22%2C%22SignInState%22%3A%7B%7D%7D;SameSite=None; domain=.dev.azure.com; expires=Wed, 15-Jan-2025 14:22:52 GMT; path=/; secure; HttpOnly[\r][\n]"
09:22:51.891 [Test worker] DEBUG org.apache.http.wire --  << "X-TFS-ProcessId: e06fb287-14d4-4a27-b1ee-41b509ac2280[\r][\n]"
09:22:51.891 [Test worker] DEBUG org.apache.http.wire --  << "Strict-Transport-Security: max-age=31536000; includeSubDomains[\r][\n]"
09:22:51.892 [Test worker] DEBUG org.apache.http.wire --  << "ActivityId: 42ce47f0-01a0-4dd5-93e0-0fbac2578faa[\r][\n]"
09:22:51.892 [Test worker] DEBUG org.apache.http.wire --  << "X-TFS-Session: 42ce47f0-01a0-4dd5-93e0-0fbac2578faa[\r][\n]"
09:22:51.892 [Test worker] DEBUG org.apache.http.wire --  << "X-VSS-E2EID: 42ce47f0-01a0-4dd5-93e0-0fbac2578faa[\r][\n]"
09:22:51.892 [Test worker] DEBUG org.apache.http.wire --  << "X-VSS-SenderDeploymentId: b4e8a57a-550b-b919-0f48-a3abbfb7797c[\r][\n]"
09:22:51.892 [Test worker] DEBUG org.apache.http.wire --  << "X-VSS-UserData: 7e935c94-04ae-6462-a187-02541f3f3de5:jeisson.cardenas@providaexternos.cl[\r][\n]"
09:22:51.892 [Test worker] DEBUG org.apache.http.wire --  << "X-FRAME-OPTIONS: SAMEORIGIN[\r][\n]"
09:22:51.892 [Test worker] DEBUG org.apache.http.wire --  << "Request-Context: appId=cid-v1:59ac3d9a-3105-4df6-af76-1ffe22300eed[\r][\n]"
09:22:51.893 [Test worker] DEBUG org.apache.http.wire --  << "Access-Control-Expose-Headers: Request-Context[\r][\n]"
09:22:51.893 [Test worker] DEBUG org.apache.http.wire --  << "X-Content-Type-Options: nosniff[\r][\n]"
09:22:51.893 [Test worker] DEBUG org.apache.http.wire --  << "X-Cache: CONFIG_NOCACHE[\r][\n]"
09:22:51.893 [Test worker] DEBUG org.apache.http.wire --  << "X-MSEdge-Ref: Ref A: 625BEE18645B43A69D4D348819080C15 Ref B: BOG30EDGE0109 Ref C: 2024-01-16T14:22:52Z[\r][\n]"
09:22:51.893 [Test worker] DEBUG org.apache.http.wire --  << "Date: Tue, 16 Jan 2024 14:22:52 GMT[\r][\n]"
09:22:51.893 [Test worker] DEBUG org.apache.http.wire --  << "[\r][\n]"
09:22:51.894 [Test worker] DEBUG org.apache.http.impl.conn.DefaultClientConnection -- Receiving response: HTTP/1.1 200 OK
09:22:51.894 [Test worker] DEBUG org.apache.http.headers -- << HTTP/1.1 200 OK
09:22:51.894 [Test worker] DEBUG org.apache.http.headers -- << Cache-Control: no-cache, no-store, must-revalidate
09:22:51.894 [Test worker] DEBUG org.apache.http.headers -- << Pragma: no-cache
09:22:51.894 [Test worker] DEBUG org.apache.http.headers -- << Transfer-Encoding: chunked
09:22:51.894 [Test worker] DEBUG org.apache.http.headers -- << Content-Type: application/json; charset=utf-8; api-version=7.0
09:22:51.894 [Test worker] DEBUG org.apache.http.headers -- << Content-Encoding: gzip
09:22:51.894 [Test worker] DEBUG org.apache.http.headers -- << Expires: -1
09:22:51.894 [Test worker] DEBUG org.apache.http.headers -- << P3P: CP="CAO DSP COR ADMa DEV CONo TELo CUR PSA PSD TAI IVDo OUR SAMi BUS DEM NAV STA UNI COM INT PHY ONL FIN PUR LOC CNT"
09:22:51.894 [Test worker] DEBUG org.apache.http.headers -- << Set-Cookie: VstsSession=%7B%22PersistentSessionId%22%3A%22fe432e0b-aa4b-4929-bd63-2a9ae36d0b3f%22%2C%22PendingAuthenticationSessionId%22%3A%2200000000-0000-0000-0000-000000000000%22%2C%22CurrentAuthenticationSessionId%22%3A%2200000000-0000-0000-0000-000000000000%22%2C%22SignInState%22%3A%7B%7D%7D;SameSite=None; domain=.dev.azure.com; expires=Wed, 15-Jan-2025 14:22:52 GMT; path=/; secure; HttpOnly
09:22:51.894 [Test worker] DEBUG org.apache.http.headers -- << X-TFS-ProcessId: e06fb287-14d4-4a27-b1ee-41b509ac2280
09:22:51.895 [Test worker] DEBUG org.apache.http.headers -- << Strict-Transport-Security: max-age=31536000; includeSubDomains
09:22:51.895 [Test worker] DEBUG org.apache.http.headers -- << ActivityId: 42ce47f0-01a0-4dd5-93e0-0fbac2578faa
09:22:51.895 [Test worker] DEBUG org.apache.http.headers -- << X-TFS-Session: 42ce47f0-01a0-4dd5-93e0-0fbac2578faa
09:22:51.895 [Test worker] DEBUG org.apache.http.headers -- << X-VSS-E2EID: 42ce47f0-01a0-4dd5-93e0-0fbac2578faa
09:22:51.895 [Test worker] DEBUG org.apache.http.headers -- << X-VSS-SenderDeploymentId: b4e8a57a-550b-b919-0f48-a3abbfb7797c
09:22:51.895 [Test worker] DEBUG org.apache.http.headers -- << X-VSS-UserData: 7e935c94-04ae-6462-a187-02541f3f3de5:jeisson.cardenas@providaexternos.cl
09:22:51.895 [Test worker] DEBUG org.apache.http.headers -- << X-FRAME-OPTIONS: SAMEORIGIN
09:22:51.895 [Test worker] DEBUG org.apache.http.headers -- << Request-Context: appId=cid-v1:59ac3d9a-3105-4df6-af76-1ffe22300eed
09:22:51.895 [Test worker] DEBUG org.apache.http.headers -- << Access-Control-Expose-Headers: Request-Context
09:22:51.895 [Test worker] DEBUG org.apache.http.headers -- << X-Content-Type-Options: nosniff
09:22:51.895 [Test worker] DEBUG org.apache.http.headers -- << X-Cache: CONFIG_NOCACHE
09:22:51.896 [Test worker] DEBUG org.apache.http.headers -- << X-MSEdge-Ref: Ref A: 625BEE18645B43A69D4D348819080C15 Ref B: BOG30EDGE0109 Ref C: 2024-01-16T14:22:52Z
09:22:51.896 [Test worker] DEBUG org.apache.http.headers -- << Date: Tue, 16 Jan 2024 14:22:52 GMT
09:22:51.896 [Test worker] DEBUG org.apache.http.impl.client.DefaultHttpClient -- Connection can be kept alive indefinitely
09:22:51.896 [Test worker] DEBUG io.restassured.internal.RestAssuredHttpBuilder -- Parsing response as: application/json; charset=utf-8; api-version=7.0
09:22:51.896 [Test worker] DEBUG org.apache.http.wire --  << "a[\r][\n]"
09:22:51.896 [Test worker] DEBUG org.apache.http.wire --  << "[0x1f][0x8b][0x8][0x0][0x0][0x0][0x0][0x0][0x4][0x0]"
09:22:51.897 [Test worker] DEBUG org.apache.http.wire --  << "[\r][\n]"
09:22:51.897 [Test worker] DEBUG org.apache.http.wire --  << "18[\r][\n]"
09:22:51.897 [Test worker] DEBUG org.apache.http.wire --  << "[0xab]V*K[0xcc])MU[0xb2][0x8a][0x8e][0xd5]QJ[0xce]/[0xcd]+Q[0xb2]2[0xa8][0x5][0x0]"
09:22:51.897 [Test worker] DEBUG org.apache.http.wire --  << "[\r][\n]"
09:22:51.899 [Test worker] DEBUG org.apache.http.wire --  << "8[\r][\n]"
09:22:51.899 [Test worker] DEBUG org.apache.http.wire --  << "N[0x12]p[0x83][0x16][0x0][0x0][0x0]"
09:22:51.899 [Test worker] DEBUG org.apache.http.wire --  << "[\r][\n]"
09:22:51.899 [Test worker] DEBUG org.apache.http.wire --  << "0[\r][\n]"
09:22:51.899 [Test worker] DEBUG org.apache.http.wire --  << "[\r][\n]"
09:22:51.899 [Test worker] DEBUG io.restassured.internal.RestAssuredHttpBuilder -- Parsed data to instance of: class org.apache.http.conn.EofSensorInputStream
09:22:51.903 [Test worker] DEBUG org.apache.http.impl.conn.BasicClientConnectionManager -- Releasing connection org.apache.http.impl.conn.ManagedClientConnectionImpl@7cbe3a05
09:22:51.903 [Test worker] DEBUG org.apache.http.impl.conn.BasicClientConnectionManager -- Connection can be kept alive indefinitely
09:22:51.904 [Test worker] DEBUG net.thucydides.core.steps.StepInterceptor -- STEP DONE: {0} executes a GET on the resource #resource
09:22:51.946 [Test worker] INFO  -- 
  _____   ___   ___   _____     ___     _     ___   ___   ___   ___  
 |_   _| | __| / __| |_   _|   | _ \   /_\   / __| / __| | __| |   \ 
   | |   | _|  \__ \   | |     |  _/  / _ \  \__ \ \__ \ | _|  | |) |
   |_|   |___| |___/   |_|     |_|   /_/ \_\ |___/ |___/ |___| |___/ 

Execute services Ok
----------------------------------------------------------------------
09:22:51.960 [Test worker] DEBUG net.thucydides.model.reports.ReportService -- Reporting formats: [JSON]
09:22:51.964 [Test worker] DEBUG net.thucydides.model.reports.ReportService -- Reporting formats: [JSON]
09:22:51.972 [Test worker] DEBUG net.thucydides.model.reports.ReportService -- Generating reports for 1 test outcomes using: net.thucydides.model.reports.json.JSONTestOutcomeReporter@1071ae7c
09:22:51.973 [pool-1-thread-1] DEBUG net.thucydides.model.reports.ReportService -- Processing test outcome Execute Services:Execute services Ok
09:22:51.976 [pool-1-thread-1] DEBUG net.thucydides.model.reports.ReportService -- net.thucydides.model.reports.json.JSONTestOutcomeReporter@1071ae7c: Generating report for test outcome: Execute Services:Execute services Ok
09:22:51.982 [pool-1-thread-1] DEBUG net.thucydides.model.reports.json.JSONTestOutcomeReporter -- Generating JSON report for Execute services Ok to file C:\global\13263_providacl_automation_orquestador\Orquestador_FrameworkWeb\java\failedServices\target\site\serenity\861bd1e71111e5460b2f038e0df043ea6beb9889777696c86c495b018b7db4d4.json)
09:22:52.006 [pool-1-thread-1] DEBUG net.thucydides.model.reports.ReportService -- Processing test outcome Execute Services:Execute services Ok done
09:22:52.007 [Test worker] DEBUG net.thucydides.model.reports.ReportService -- Shutting down executor service
09:22:52.007 [Test worker] DEBUG net.thucydides.model.reports.ReportService -- Reports generated in: 35 ms
]]></system-out>
  <system-err><![CDATA[]]></system-err>
</testsuite>
